Flow report for Sumador
Thu Aug 24 22:22:02 2023
Quartus Prime Version 20.1.0 Build 711 06/05/2020 SJ Lite Edition


---------------------
; Table of Contents ;
---------------------
  1. Legal Notice
  2. Flow Summary
  3. Flow Settings
  4. Flow Non-Default Global Settings
  5. Flow Elapsed Time
  6. Flow OS Summary
  7. Flow Log
  8. Flow Messages
  9. Flow Suppressed Messages



----------------
; Legal Notice ;
----------------
Copyright (C) 2020  Intel Corporation. All rights reserved.
Your use of Intel Corporation's design tools, logic functions 
and other software and tools, and any partner logic 
functions, and any output files from any of the foregoing 
(including device programming or simulation files), and any 
associated documentation or information are expressly subject 
to the terms and conditions of the Intel Program License 
Subscription Agreement, the Intel Quartus Prime License Agreement,
the Intel FPGA IP License Agreement, or other applicable license
agreement, including, without limitation, that your use is for
the sole purpose of programming logic devices manufactured by
Intel and sold by Intel or its authorized distributors.  Please
refer to the applicable agreement for further details, at
https://fpgasoftware.intel.com/eula.



+-------------------------------------------------------------------------------+
; Flow Summary                                                                  ;
+---------------------------------+---------------------------------------------+
; Flow Status                     ; Successful - Thu Aug 24 22:22:02 2023       ;
; Quartus Prime Version           ; 20.1.0 Build 711 06/05/2020 SJ Lite Edition ;
; Revision Name                   ; Sumador                                     ;
; Top-level Entity Name           ; mainAdderModule                             ;
; Family                          ; Cyclone V                                   ;
; Device                          ; 5CSEMA5F31C6                                ;
; Timing Models                   ; Final                                       ;
; Logic utilization (in ALMs)     ; 98 / 32,070 ( < 1 % )                       ;
; Total registers                 ; 0                                           ;
; Total pins                      ; 23 / 457 ( 5 % )                            ;
; Total virtual pins              ; 0                                           ;
; Total block memory bits         ; 0 / 4,065,280 ( 0 % )                       ;
; Total DSP Blocks                ; 0 / 87 ( 0 % )                              ;
; Total HSSI RX PCSs              ; 0                                           ;
; Total HSSI PMA RX Deserializers ; 0                                           ;
; Total HSSI TX PCSs              ; 0                                           ;
; Total HSSI PMA TX Serializers   ; 0                                           ;
; Total PLLs                      ; 0 / 6 ( 0 % )                               ;
; Total DLLs                      ; 0 / 4 ( 0 % )                               ;
+---------------------------------+---------------------------------------------+


+-----------------------------------------+
; Flow Settings                           ;
+-------------------+---------------------+
; Option            ; Setting             ;
+-------------------+---------------------+
; Start date & time ; 08/24/2023 22:20:52 ;
; Main task         ; Compilation         ;
; Revision Name     ; Sumador             ;
+-------------------+---------------------+


+-----------------------------------------------------------------------------------------------------------------------------------------------------+
; Flow Non-Default Global Settings                                                                                                                    ;
+--------------------------------------+----------------------------------------+---------------+-----------------+-----------------------------------+
; Assignment Name                      ; Value                                  ; Default Value ; Entity Name     ; Section Id                        ;
+--------------------------------------+----------------------------------------+---------------+-----------------+-----------------------------------+
; COMPILER_SIGNATURE_ID                ; 233497588804601.169293725213980        ; --            ; --              ; --                                ;
; EDA_DESIGN_INSTANCE_NAME             ; NA                                     ; --            ; --              ; mainAdderModule_tb                ;
; EDA_DESIGN_INSTANCE_NAME             ; NA                                     ; --            ; --              ; fourBitAdder_tb                   ;
; EDA_GENERATE_FUNCTIONAL_NETLIST      ; Off                                    ; --            ; --              ; eda_board_design_timing           ;
; EDA_GENERATE_FUNCTIONAL_NETLIST      ; Off                                    ; --            ; --              ; eda_board_design_boundary_scan    ;
; EDA_GENERATE_FUNCTIONAL_NETLIST      ; Off                                    ; --            ; --              ; eda_board_design_signal_integrity ;
; EDA_GENERATE_FUNCTIONAL_NETLIST      ; Off                                    ; --            ; --              ; eda_board_design_symbol           ;
; EDA_NATIVELINK_SIMULATION_TEST_BENCH ; mainAdderModule_tb                     ; --            ; --              ; eda_simulation                    ;
; EDA_OUTPUT_DATA_FORMAT               ; Vhdl                                   ; --            ; --              ; eda_simulation                    ;
; EDA_SIMULATION_TOOL                  ; ModelSim (VHDL)                        ; <None>        ; --              ; --                                ;
; EDA_TEST_BENCH_ENABLE_STATUS         ; TEST_BENCH_MODE                        ; --            ; --              ; eda_simulation                    ;
; EDA_TEST_BENCH_FILE                  ; mainAdderModule_tb.vhd                 ; --            ; --              ; mainAdderModule_tb                ;
; EDA_TEST_BENCH_FILE                  ; fourBitAdder_tb.vhd                    ; --            ; --              ; fourBitAdder_tb                   ;
; EDA_TEST_BENCH_MODULE_NAME           ; mainAdderModule_tb                     ; --            ; --              ; mainAdderModule_tb                ;
; EDA_TEST_BENCH_MODULE_NAME           ; fourBitAdder_tb                        ; --            ; --              ; fourBitAdder_tb                   ;
; EDA_TEST_BENCH_NAME                  ; fourBitAdder_tb                        ; --            ; --              ; eda_simulation                    ;
; EDA_TEST_BENCH_NAME                  ; mainAdderModule_tb                     ; --            ; --              ; eda_simulation                    ;
; EDA_TIME_SCALE                       ; 1 ps                                   ; --            ; --              ; eda_simulation                    ;
; MAX_CORE_JUNCTION_TEMP               ; 85                                     ; --            ; --              ; --                                ;
; MIN_CORE_JUNCTION_TEMP               ; 0                                      ; --            ; --              ; --                                ;
; PARTITION_COLOR                      ; -- (Not supported for targeted family) ; --            ; mainAdderModule ; Top                               ;
; PARTITION_FITTER_PRESERVATION_LEVEL  ; -- (Not supported for targeted family) ; --            ; mainAdderModule ; Top                               ;
; PARTITION_NETLIST_TYPE               ; -- (Not supported for targeted family) ; --            ; mainAdderModule ; Top                               ;
; POWER_BOARD_THERMAL_MODEL            ; None (CONSERVATIVE)                    ; --            ; --              ; --                                ;
; POWER_PRESET_COOLING_SOLUTION        ; 23 MM HEAT SINK WITH 200 LFPM AIRFLOW  ; --            ; --              ; --                                ;
; PROJECT_OUTPUT_DIRECTORY             ; output_files                           ; --            ; --              ; --                                ;
; TOP_LEVEL_ENTITY                     ; mainAdderModule                        ; Sumador       ; --              ; --                                ;
+--------------------------------------+----------------------------------------+---------------+-----------------+-----------------------------------+


+--------------------------------------------------------------------------------------------------------------------------+
; Flow Elapsed Time                                                                                                        ;
+----------------------+--------------+-------------------------+---------------------+------------------------------------+
; Module Name          ; Elapsed Time ; Average Processors Used ; Peak Virtual Memory ; Total CPU Time (on all processors) ;
+----------------------+--------------+-------------------------+---------------------+------------------------------------+
; Analysis & Synthesis ; 00:00:15     ; 1.0                     ; 4892 MB             ; 00:00:09                           ;
; Fitter               ; 00:00:39     ; 1.0                     ; 7830 MB             ; 00:01:24                           ;
; Assembler            ; 00:00:08     ; 1.0                     ; 4847 MB             ; 00:00:04                           ;
; Timing Analyzer      ; 00:00:05     ; 1.3                     ; 5288 MB             ; 00:00:03                           ;
; EDA Netlist Writer   ; 00:00:01     ; 1.0                     ; 4728 MB             ; 00:00:01                           ;
; Total                ; 00:01:08     ; --                      ; --                  ; 00:01:41                           ;
+----------------------+--------------+-------------------------+---------------------+------------------------------------+


+------------------------------------------------------------------------------------+
; Flow OS Summary                                                                    ;
+----------------------+------------------+------------+------------+----------------+
; Module Name          ; Machine Hostname ; OS Name    ; OS Version ; Processor type ;
+----------------------+------------------+------------+------------+----------------+
; Analysis & Synthesis ; JonGs_Desktop    ; Windows 10 ; 10.0       ; x86_64         ;
; Fitter               ; JonGs_Desktop    ; Windows 10 ; 10.0       ; x86_64         ;
; Assembler            ; JonGs_Desktop    ; Windows 10 ; 10.0       ; x86_64         ;
; Timing Analyzer      ; JonGs_Desktop    ; Windows 10 ; 10.0       ; x86_64         ;
; EDA Netlist Writer   ; JonGs_Desktop    ; Windows 10 ; 10.0       ; x86_64         ;
+----------------------+------------------+------------+------------+----------------+


------------
; Flow Log ;
------------
quartus_map --read_settings_files=on --write_settings_files=off Sumador -c Sumador
quartus_fit --read_settings_files=off --write_settings_files=off Sumador -c Sumador
quartus_asm --read_settings_files=off --write_settings_files=off Sumador -c Sumador
quartus_sta Sumador -c Sumador
quartus_eda --read_settings_files=off --write_settings_files=off Sumador -c Sumador



