Analysis & Synthesis report for Sumador
Thu Aug 24 22:21:07 2023
Quartus Prime Version 20.1.0 Build 711 06/05/2020 SJ Lite Edition


---------------------
; Table of Contents ;
---------------------
  1. Legal Notice
  2. Analysis & Synthesis Summary
  3. Analysis & Synthesis Settings
  4. Parallel Compilation
  5. Analysis & Synthesis Source Files Read
  6. Analysis & Synthesis Resource Usage Summary
  7. Analysis & Synthesis Resource Utilization by Entity
  8. General Register Statistics
  9. Parameter Settings for Inferred Entity Instance: sumToDisplayModule:sDM|lpm_divide:Div0
 10. Parameter Settings for Inferred Entity Instance: sumToDisplayModule:sDM|lpm_divide:Mod0
 11. Post-Synthesis Netlist Statistics for Top Partition
 12. Elapsed Time Per Partition
 13. Analysis & Synthesis Messages



----------------
; Legal Notice ;
----------------
Copyright (C) 2020  Intel Corporation. All rights reserved.
Your use of Intel Corporation's design tools, logic functions 
and other software and tools, and any partner logic 
functions, and any output files from any of the foregoing 
(including device programming or simulation files), and any 
associated documentation or information are expressly subject 
to the terms and conditions of the Intel Program License 
Subscription Agreement, the Intel Quartus Prime License Agreement,
the Intel FPGA IP License Agreement, or other applicable license
agreement, including, without limitation, that your use is for
the sole purpose of programming logic devices manufactured by
Intel and sold by Intel or its authorized distributors.  Please
refer to the applicable agreement for further details, at
https://fpgasoftware.intel.com/eula.



+-------------------------------------------------------------------------------+
; Analysis & Synthesis Summary                                                  ;
+---------------------------------+---------------------------------------------+
; Analysis & Synthesis Status     ; Successful - Thu Aug 24 22:21:07 2023       ;
; Quartus Prime Version           ; 20.1.0 Build 711 06/05/2020 SJ Lite Edition ;
; Revision Name                   ; Sumador                                     ;
; Top-level Entity Name           ; mainAdderModule                             ;
; Family                          ; Cyclone V                                   ;
; Logic utilization (in ALMs)     ; N/A                                         ;
; Total registers                 ; 0                                           ;
; Total pins                      ; 23                                          ;
; Total virtual pins              ; 0                                           ;
; Total block memory bits         ; 0                                           ;
; Total DSP Blocks                ; 0                                           ;
; Total HSSI RX PCSs              ; 0                                           ;
; Total HSSI PMA RX Deserializers ; 0                                           ;
; Total HSSI TX PCSs              ; 0                                           ;
; Total HSSI PMA TX Serializers   ; 0                                           ;
; Total PLLs                      ; 0                                           ;
; Total DLLs                      ; 0                                           ;
+---------------------------------+---------------------------------------------+


+---------------------------------------------------------------------------------------------------------------------------+
; Analysis & Synthesis Settings                                                                                             ;
+---------------------------------------------------------------------------------+--------------------+--------------------+
; Option                                                                          ; Setting            ; Default Value      ;
+---------------------------------------------------------------------------------+--------------------+--------------------+
; Device                                                                          ; 5CSEMA5F31C6       ;                    ;
; Top-level entity name                                                           ; mainAdderModule    ; Sumador            ;
; Family name                                                                     ; Cyclone V          ; Cyclone V          ;
; Use smart compilation                                                           ; Off                ; Off                ;
; Enable parallel Assembler and Timing Analyzer during compilation                ; On                 ; On                 ;
; Enable compact report table                                                     ; Off                ; Off                ;
; Restructure Multiplexers                                                        ; Auto               ; Auto               ;
; MLAB Add Timing Constraints For Mixed-Port Feed-Through Mode Setting Don't Care ; Off                ; Off                ;
; Create Debugging Nodes for IP Cores                                             ; Off                ; Off                ;
; Preserve fewer node names                                                       ; On                 ; On                 ;
; Intel FPGA IP Evaluation Mode                                                   ; Enable             ; Enable             ;
; Verilog Version                                                                 ; Verilog_2001       ; Verilog_2001       ;
; VHDL Version                                                                    ; VHDL_1993          ; VHDL_1993          ;
; State Machine Processing                                                        ; Auto               ; Auto               ;
; Safe State Machine                                                              ; Off                ; Off                ;
; Extract Verilog State Machines                                                  ; On                 ; On                 ;
; Extract VHDL State Machines                                                     ; On                 ; On                 ;
; Ignore Verilog initial constructs                                               ; Off                ; Off                ;
; Iteration limit for constant Verilog loops                                      ; 5000               ; 5000               ;
; Iteration limit for non-constant Verilog loops                                  ; 250                ; 250                ;
; Add Pass-Through Logic to Inferred RAMs                                         ; On                 ; On                 ;
; Infer RAMs from Raw Logic                                                       ; On                 ; On                 ;
; Parallel Synthesis                                                              ; On                 ; On                 ;
; DSP Block Balancing                                                             ; Auto               ; Auto               ;
; NOT Gate Push-Back                                                              ; On                 ; On                 ;
; Power-Up Don't Care                                                             ; On                 ; On                 ;
; Remove Redundant Logic Cells                                                    ; Off                ; Off                ;
; Remove Duplicate Registers                                                      ; On                 ; On                 ;
; Ignore CARRY Buffers                                                            ; Off                ; Off                ;
; Ignore CASCADE Buffers                                                          ; Off                ; Off                ;
; Ignore GLOBAL Buffers                                                           ; Off                ; Off                ;
; Ignore ROW GLOBAL Buffers                                                       ; Off                ; Off                ;
; Ignore LCELL Buffers                                                            ; Off                ; Off                ;
; Ignore SOFT Buffers                                                             ; On                 ; On                 ;
; Limit AHDL Integers to 32 Bits                                                  ; Off                ; Off                ;
; Optimization Technique                                                          ; Balanced           ; Balanced           ;
; Carry Chain Length                                                              ; 70                 ; 70                 ;
; Auto Carry Chains                                                               ; On                 ; On                 ;
; Auto Open-Drain Pins                                                            ; On                 ; On                 ;
; Perform WYSIWYG Primitive Resynthesis                                           ; Off                ; Off                ;
; Auto ROM Replacement                                                            ; On                 ; On                 ;
; Auto RAM Replacement                                                            ; On                 ; On                 ;
; Auto DSP Block Replacement                                                      ; On                 ; On                 ;
; Auto Shift Register Replacement                                                 ; Auto               ; Auto               ;
; Allow Shift Register Merging across Hierarchies                                 ; Auto               ; Auto               ;
; Auto Clock Enable Replacement                                                   ; On                 ; On                 ;
; Strict RAM Replacement                                                          ; Off                ; Off                ;
; Allow Synchronous Control Signals                                               ; On                 ; On                 ;
; Force Use of Synchronous Clear Signals                                          ; Off                ; Off                ;
; Auto Resource Sharing                                                           ; Off                ; Off                ;
; Allow Any RAM Size For Recognition                                              ; Off                ; Off                ;
; Allow Any ROM Size For Recognition                                              ; Off                ; Off                ;
; Allow Any Shift Register Size For Recognition                                   ; Off                ; Off                ;
; Use LogicLock Constraints during Resource Balancing                             ; On                 ; On                 ;
; Ignore translate_off and synthesis_off directives                               ; Off                ; Off                ;
; Timing-Driven Synthesis                                                         ; On                 ; On                 ;
; Report Parameter Settings                                                       ; On                 ; On                 ;
; Report Source Assignments                                                       ; On                 ; On                 ;
; Report Connectivity Checks                                                      ; On                 ; On                 ;
; Ignore Maximum Fan-Out Assignments                                              ; Off                ; Off                ;
; Synchronization Register Chain Length                                           ; 3                  ; 3                  ;
; Power Optimization During Synthesis                                             ; Normal compilation ; Normal compilation ;
; HDL message level                                                               ; Level2             ; Level2             ;
; Suppress Register Optimization Related Messages                                 ; Off                ; Off                ;
; Number of Removed Registers Reported in Synthesis Report                        ; 5000               ; 5000               ;
; Number of Swept Nodes Reported in Synthesis Report                              ; 5000               ; 5000               ;
; Number of Inverted Registers Reported in Synthesis Report                       ; 100                ; 100                ;
; Clock MUX Protection                                                            ; On                 ; On                 ;
; Auto Gated Clock Conversion                                                     ; Off                ; Off                ;
; Block Design Naming                                                             ; Auto               ; Auto               ;
; SDC constraint protection                                                       ; Off                ; Off                ;
; Synthesis Effort                                                                ; Auto               ; Auto               ;
; Shift Register Replacement - Allow Asynchronous Clear Signal                    ; On                 ; On                 ;
; Pre-Mapping Resynthesis Optimization                                            ; Off                ; Off                ;
; Analysis & Synthesis Message Level                                              ; Medium             ; Medium             ;
; Disable Register Merging Across Hierarchies                                     ; Auto               ; Auto               ;
; Resource Aware Inference For Block RAM                                          ; On                 ; On                 ;
; Automatic Parallel Synthesis                                                    ; On                 ; On                 ;
; Partial Reconfiguration Bitstream ID                                            ; Off                ; Off                ;
+---------------------------------------------------------------------------------+--------------------+--------------------+


+------------------------------------------+
; Parallel Compilation                     ;
+----------------------------+-------------+
; Processors                 ; Number      ;
+----------------------------+-------------+
; Number detected on machine ; 16          ;
; Maximum allowed            ; 16          ;
;                            ;             ;
; Average used               ; 1.00        ;
; Maximum used               ; 1           ;
;                            ;             ;
; Usage by Processor         ; % Time Used ;
;     Processor 1            ; 100.0%      ;
+----------------------------+-------------+


+----------------------------------------------------------------------------------------------------------------------------------------------------------------------------------------------+
; Analysis & Synthesis Source Files Read                                                                                                                                                       ;
+----------------------------------+-----------------+------------------------------+------------------------------------------------------------------------------------------------+---------+
; File Name with User-Entered Path ; Used in Netlist ; File Type                    ; File Name with Absolute Path                                                                   ; Library ;
+----------------------------------+-----------------+------------------------------+------------------------------------------------------------------------------------------------+---------+
; fullAdderModule.vhd              ; yes             ; User VHDL File               ; E:/Utilities/Documents/Github/jgonzalez_digital_design_lab_2023/Sumador/fullAdderModule.vhd    ;         ;
; fourBitAdder.vhd                 ; yes             ; User VHDL File               ; E:/Utilities/Documents/Github/jgonzalez_digital_design_lab_2023/Sumador/fourBitAdder.vhd       ;         ;
; sumToDisplayModule.vhd           ; yes             ; User VHDL File               ; E:/Utilities/Documents/Github/jgonzalez_digital_design_lab_2023/Sumador/sumToDisplayModule.vhd ;         ;
; nDCModule.vhd                    ; yes             ; User VHDL File               ; E:/Utilities/Documents/Github/jgonzalez_digital_design_lab_2023/Sumador/nDCModule.vhd          ;         ;
; mainAdderModule.vhd              ; yes             ; User VHDL File               ; E:/Utilities/Documents/Github/jgonzalez_digital_design_lab_2023/Sumador/mainAdderModule.vhd    ;         ;
; lpm_divide.tdf                   ; yes             ; Megafunction                 ; c:/intelfpga_lite/20.1/quartus/libraries/megafunctions/lpm_divide.tdf                          ;         ;
; abs_divider.inc                  ; yes             ; Megafunction                 ; c:/intelfpga_lite/20.1/quartus/libraries/megafunctions/abs_divider.inc                         ;         ;
; sign_div_unsign.inc              ; yes             ; Megafunction                 ; c:/intelfpga_lite/20.1/quartus/libraries/megafunctions/sign_div_unsign.inc                     ;         ;
; aglobal201.inc                   ; yes             ; Megafunction                 ; c:/intelfpga_lite/20.1/quartus/libraries/megafunctions/aglobal201.inc                          ;         ;
; db/lpm_divide_bpo.tdf            ; yes             ; Auto-Generated Megafunction  ; E:/Utilities/Documents/Github/jgonzalez_digital_design_lab_2023/Sumador/db/lpm_divide_bpo.tdf  ;         ;
; db/abs_divider_kbg.tdf           ; yes             ; Auto-Generated Megafunction  ; E:/Utilities/Documents/Github/jgonzalez_digital_design_lab_2023/Sumador/db/abs_divider_kbg.tdf ;         ;
; db/alt_u_div_ove.tdf             ; yes             ; Auto-Generated Megafunction  ; E:/Utilities/Documents/Github/jgonzalez_digital_design_lab_2023/Sumador/db/alt_u_div_ove.tdf   ;         ;
; db/lpm_abs_kn9.tdf               ; yes             ; Auto-Generated Megafunction  ; E:/Utilities/Documents/Github/jgonzalez_digital_design_lab_2023/Sumador/db/lpm_abs_kn9.tdf     ;         ;
; db/lpm_abs_4p9.tdf               ; yes             ; Auto-Generated Megafunction  ; E:/Utilities/Documents/Github/jgonzalez_digital_design_lab_2023/Sumador/db/lpm_abs_4p9.tdf     ;         ;
; db/lpm_divide_uio.tdf            ; yes             ; Auto-Generated Megafunction  ; E:/Utilities/Documents/Github/jgonzalez_digital_design_lab_2023/Sumador/db/lpm_divide_uio.tdf  ;         ;
; db/abs_divider_4dg.tdf           ; yes             ; Auto-Generated Megafunction  ; E:/Utilities/Documents/Github/jgonzalez_digital_design_lab_2023/Sumador/db/abs_divider_4dg.tdf ;         ;
; db/alt_u_div_o2f.tdf             ; yes             ; Auto-Generated Megafunction  ; E:/Utilities/Documents/Github/jgonzalez_digital_design_lab_2023/Sumador/db/alt_u_div_o2f.tdf   ;         ;
+----------------------------------+-----------------+------------------------------+------------------------------------------------------------------------------------------------+---------+


+--------------------------------------------------------------------------------------------------------------------------------------------------------------------------+
; Analysis & Synthesis Resource Usage Summary                                                                                                                              ;
+---------------------------------------------+----------------------------------------------------------------------------------------------------------------------------+
; Resource                                    ; Usage                                                                                                                      ;
+---------------------------------------------+----------------------------------------------------------------------------------------------------------------------------+
; Estimate of Logic utilization (ALMs needed) ; 98                                                                                                                         ;
;                                             ;                                                                                                                            ;
; Combinational ALUT usage for logic          ; 178                                                                                                                        ;
;     -- 7 input functions                    ; 0                                                                                                                          ;
;     -- 6 input functions                    ; 17                                                                                                                         ;
;     -- 5 input functions                    ; 14                                                                                                                         ;
;     -- 4 input functions                    ; 41                                                                                                                         ;
;     -- <=3 input functions                  ; 106                                                                                                                        ;
;                                             ;                                                                                                                            ;
; Dedicated logic registers                   ; 0                                                                                                                          ;
;                                             ;                                                                                                                            ;
; I/O pins                                    ; 23                                                                                                                         ;
;                                             ;                                                                                                                            ;
; Total DSP Blocks                            ; 0                                                                                                                          ;
;                                             ;                                                                                                                            ;
; Maximum fan-out node                        ; sumToDisplayModule:sDM|lpm_divide:Mod0|lpm_divide_uio:auto_generated|abs_divider_4dg:divider|alt_u_div_o2f:divider|op_25~1 ;
; Maximum fan-out                             ; 45                                                                                                                         ;
; Total fan-out                               ; 616                                                                                                                        ;
; Average fan-out                             ; 2.75                                                                                                                       ;
+---------------------------------------------+----------------------------------------------------------------------------------------------------------------------------+


+-----------------------------------------------------------------------------------------------------------------------------------------------------------------------------------------------------------------------------------------------------------------------------------------------------------------------------+
; Analysis & Synthesis Resource Utilization by Entity                                                                                                                                                                                                                                                                         ;
+------------------------------------------+---------------------+---------------------------+-------------------+------------+------+--------------+-------------------------------------------------------------------------------------------------------------------------------------+--------------------+--------------+
; Compilation Hierarchy Node               ; Combinational ALUTs ; Dedicated Logic Registers ; Block Memory Bits ; DSP Blocks ; Pins ; Virtual Pins ; Full Hierarchy Name                                                                                                                 ; Entity Name        ; Library Name ;
+------------------------------------------+---------------------+---------------------------+-------------------+------------+------+--------------+-------------------------------------------------------------------------------------------------------------------------------------+--------------------+--------------+
; |mainAdderModule                         ; 178 (0)             ; 0 (0)                     ; 0                 ; 0          ; 23   ; 0            ; |mainAdderModule                                                                                                                    ; mainAdderModule    ; work         ;
;    |fourBitAdder:fBA|                    ; 9 (1)               ; 0 (0)                     ; 0                 ; 0          ; 0    ; 0            ; |mainAdderModule|fourBitAdder:fBA                                                                                                   ; fourBitAdder       ; work         ;
;       |fullAdderModule:fA0|              ; 1 (1)               ; 0 (0)                     ; 0                 ; 0          ; 0    ; 0            ; |mainAdderModule|fourBitAdder:fBA|fullAdderModule:fA0                                                                               ; fullAdderModule    ; work         ;
;       |fullAdderModule:fA1|              ; 2 (2)               ; 0 (0)                     ; 0                 ; 0          ; 0    ; 0            ; |mainAdderModule|fourBitAdder:fBA|fullAdderModule:fA1                                                                               ; fullAdderModule    ; work         ;
;       |fullAdderModule:fA2|              ; 2 (2)               ; 0 (0)                     ; 0                 ; 0          ; 0    ; 0            ; |mainAdderModule|fourBitAdder:fBA|fullAdderModule:fA2                                                                               ; fullAdderModule    ; work         ;
;       |fullAdderModule:fA3|              ; 3 (3)               ; 0 (0)                     ; 0                 ; 0          ; 0    ; 0            ; |mainAdderModule|fourBitAdder:fBA|fullAdderModule:fA3                                                                               ; fullAdderModule    ; work         ;
;    |sumToDisplayModule:sDM|              ; 169 (0)             ; 0 (0)                     ; 0                 ; 0          ; 0    ; 0            ; |mainAdderModule|sumToDisplayModule:sDM                                                                                             ; sumToDisplayModule ; work         ;
;       |lpm_divide:Div0|                  ; 38 (0)              ; 0 (0)                     ; 0                 ; 0          ; 0    ; 0            ; |mainAdderModule|sumToDisplayModule:sDM|lpm_divide:Div0                                                                             ; lpm_divide         ; work         ;
;          |lpm_divide_bpo:auto_generated| ; 38 (0)              ; 0 (0)                     ; 0                 ; 0          ; 0    ; 0            ; |mainAdderModule|sumToDisplayModule:sDM|lpm_divide:Div0|lpm_divide_bpo:auto_generated                                               ; lpm_divide_bpo     ; work         ;
;             |abs_divider_kbg:divider|    ; 38 (0)              ; 0 (0)                     ; 0                 ; 0          ; 0    ; 0            ; |mainAdderModule|sumToDisplayModule:sDM|lpm_divide:Div0|lpm_divide_bpo:auto_generated|abs_divider_kbg:divider                       ; abs_divider_kbg    ; work         ;
;                |alt_u_div_ove:divider|   ; 38 (38)             ; 0 (0)                     ; 0                 ; 0          ; 0    ; 0            ; |mainAdderModule|sumToDisplayModule:sDM|lpm_divide:Div0|lpm_divide_bpo:auto_generated|abs_divider_kbg:divider|alt_u_div_ove:divider ; alt_u_div_ove      ; work         ;
;       |lpm_divide:Mod0|                  ; 101 (0)             ; 0 (0)                     ; 0                 ; 0          ; 0    ; 0            ; |mainAdderModule|sumToDisplayModule:sDM|lpm_divide:Mod0                                                                             ; lpm_divide         ; work         ;
;          |lpm_divide_uio:auto_generated| ; 101 (0)             ; 0 (0)                     ; 0                 ; 0          ; 0    ; 0            ; |mainAdderModule|sumToDisplayModule:sDM|lpm_divide:Mod0|lpm_divide_uio:auto_generated                                               ; lpm_divide_uio     ; work         ;
;             |abs_divider_4dg:divider|    ; 101 (0)             ; 0 (0)                     ; 0                 ; 0          ; 0    ; 0            ; |mainAdderModule|sumToDisplayModule:sDM|lpm_divide:Mod0|lpm_divide_uio:auto_generated|abs_divider_4dg:divider                       ; abs_divider_4dg    ; work         ;
;                |alt_u_div_o2f:divider|   ; 101 (101)           ; 0 (0)                     ; 0                 ; 0          ; 0    ; 0            ; |mainAdderModule|sumToDisplayModule:sDM|lpm_divide:Mod0|lpm_divide_uio:auto_generated|abs_divider_4dg:divider|alt_u_div_o2f:divider ; alt_u_div_o2f      ; work         ;
;       |nDCModule:nDCMTens|               ; 7 (7)               ; 0 (0)                     ; 0                 ; 0          ; 0    ; 0            ; |mainAdderModule|sumToDisplayModule:sDM|nDCModule:nDCMTens                                                                          ; nDCModule          ; work         ;
;       |nDCModule:nDCMUnits|              ; 23 (23)             ; 0 (0)                     ; 0                 ; 0          ; 0    ; 0            ; |mainAdderModule|sumToDisplayModule:sDM|nDCModule:nDCMUnits                                                                         ; nDCModule          ; work         ;
+------------------------------------------+---------------------+---------------------------+-------------------+------------+------+--------------+-------------------------------------------------------------------------------------------------------------------------------------+--------------------+--------------+
Note: For table entries with two numbers listed, the numbers in parentheses indicate the number of resources of the given type used by the specific entity alone. The numbers listed outside of parentheses indicate the total resources of the given type used by the specific entity and all of its sub-entities in the hierarchy.


+------------------------------------------------------+
; General Register Statistics                          ;
+----------------------------------------------+-------+
; Statistic                                    ; Value ;
+----------------------------------------------+-------+
; Total registers                              ; 0     ;
; Number of registers using Synchronous Clear  ; 0     ;
; Number of registers using Synchronous Load   ; 0     ;
; Number of registers using Asynchronous Clear ; 0     ;
; Number of registers using Asynchronous Load  ; 0     ;
; Number of registers using Clock Enable       ; 0     ;
; Number of registers using Preset             ; 0     ;
+----------------------------------------------+-------+


+-----------------------------------------------------------------------------------------+
; Parameter Settings for Inferred Entity Instance: sumToDisplayModule:sDM|lpm_divide:Div0 ;
+------------------------+----------------+-----------------------------------------------+
; Parameter Name         ; Value          ; Type                                          ;
+------------------------+----------------+-----------------------------------------------+
; LPM_WIDTHN             ; 32             ; Untyped                                       ;
; LPM_WIDTHD             ; 5              ; Untyped                                       ;
; LPM_NREPRESENTATION    ; SIGNED         ; Untyped                                       ;
; LPM_DREPRESENTATION    ; SIGNED         ; Untyped                                       ;
; LPM_PIPELINE           ; 0              ; Untyped                                       ;
; LPM_REMAINDERPOSITIVE  ; FALSE          ; Untyped                                       ;
; MAXIMIZE_SPEED         ; 5              ; Untyped                                       ;
; CBXI_PARAMETER         ; lpm_divide_bpo ; Untyped                                       ;
; CARRY_CHAIN            ; MANUAL         ; Untyped                                       ;
; OPTIMIZE_FOR_SPEED     ; 5              ; Untyped                                       ;
; AUTO_CARRY_CHAINS      ; ON             ; AUTO_CARRY                                    ;
; IGNORE_CARRY_BUFFERS   ; OFF            ; IGNORE_CARRY                                  ;
; AUTO_CASCADE_CHAINS    ; ON             ; AUTO_CASCADE                                  ;
; IGNORE_CASCADE_BUFFERS ; OFF            ; IGNORE_CASCADE                                ;
+------------------------+----------------+-----------------------------------------------+
Note: In order to hide this table in the UI and the text report file, please set the "Show Parameter Settings in Synthesis Report" option in "Analysis and Synthesis Settings -> More Settings" to "Off".


+-----------------------------------------------------------------------------------------+
; Parameter Settings for Inferred Entity Instance: sumToDisplayModule:sDM|lpm_divide:Mod0 ;
+------------------------+----------------+-----------------------------------------------+
; Parameter Name         ; Value          ; Type                                          ;
+------------------------+----------------+-----------------------------------------------+
; LPM_WIDTHN             ; 32             ; Untyped                                       ;
; LPM_WIDTHD             ; 32             ; Untyped                                       ;
; LPM_NREPRESENTATION    ; SIGNED         ; Untyped                                       ;
; LPM_DREPRESENTATION    ; SIGNED         ; Untyped                                       ;
; LPM_PIPELINE           ; 0              ; Untyped                                       ;
; LPM_REMAINDERPOSITIVE  ; FALSE          ; Untyped                                       ;
; MAXIMIZE_SPEED         ; 5              ; Untyped                                       ;
; CBXI_PARAMETER         ; lpm_divide_uio ; Untyped                                       ;
; CARRY_CHAIN            ; MANUAL         ; Untyped                                       ;
; OPTIMIZE_FOR_SPEED     ; 5              ; Untyped                                       ;
; AUTO_CARRY_CHAINS      ; ON             ; AUTO_CARRY                                    ;
; IGNORE_CARRY_BUFFERS   ; OFF            ; IGNORE_CARRY                                  ;
; AUTO_CASCADE_CHAINS    ; ON             ; AUTO_CASCADE                                  ;
; IGNORE_CASCADE_BUFFERS ; OFF            ; IGNORE_CASCADE                                ;
+------------------------+----------------+-----------------------------------------------+
Note: In order to hide this table in the UI and the text report file, please set the "Show Parameter Settings in Synthesis Report" option in "Analysis and Synthesis Settings -> More Settings" to "Off".


+-----------------------------------------------------+
; Post-Synthesis Netlist Statistics for Top Partition ;
+-----------------------+-----------------------------+
; Type                  ; Count                       ;
+-----------------------+-----------------------------+
; arriav_lcell_comb     ; 179                         ;
;     arith             ; 100                         ;
;         0 data inputs ; 36                          ;
;         1 data inputs ; 3                           ;
;         2 data inputs ; 32                          ;
;         3 data inputs ; 9                           ;
;         4 data inputs ; 20                          ;
;     normal            ; 67                          ;
;         1 data inputs ; 1                           ;
;         2 data inputs ; 9                           ;
;         3 data inputs ; 9                           ;
;         4 data inputs ; 17                          ;
;         5 data inputs ; 14                          ;
;         6 data inputs ; 17                          ;
;     shared            ; 12                          ;
;         0 data inputs ; 8                           ;
;         4 data inputs ; 4                           ;
; boundary_port         ; 23                          ;
;                       ;                             ;
; Max LUT depth         ; 19.20                       ;
; Average LUT depth     ; 15.85                       ;
+-----------------------+-----------------------------+


+-------------------------------+
; Elapsed Time Per Partition    ;
+----------------+--------------+
; Partition Name ; Elapsed Time ;
+----------------+--------------+
; Top            ; 00:00:01     ;
+----------------+--------------+


+-------------------------------+
; Analysis & Synthesis Messages ;
+-------------------------------+
Info: *******************************************************************
Info: Running Quartus Prime Analysis & Synthesis
    Info: Version 20.1.0 Build 711 06/05/2020 SJ Lite Edition
    Info: Processing started: Thu Aug 24 22:20:51 2023
Info: Command: quartus_map --read_settings_files=on --write_settings_files=off Sumador -c Sumador
Warning (18236): Number of processors has not been specified which may cause overloading on shared machines.  Set the global assignment NUM_PARALLEL_PROCESSORS in your QSF to an appropriate value for best performance.
Info (20030): Parallel compilation is enabled and will use 16 of the 16 processors detected
Info (12021): Found 2 design units, including 1 entities, in source file fulladdermodule.vhd
    Info (12022): Found design unit 1: fullAdderModule-bhv File: E:/Utilities/Documents/Github/jgonzalez_digital_design_lab_2023/Sumador/fullAdderModule.vhd Line: 11
    Info (12023): Found entity 1: fullAdderModule File: E:/Utilities/Documents/Github/jgonzalez_digital_design_lab_2023/Sumador/fullAdderModule.vhd Line: 5
Info (12021): Found 2 design units, including 1 entities, in source file fourbitadder.vhd
    Info (12022): Found design unit 1: fourBitAdder-struct File: E:/Utilities/Documents/Github/jgonzalez_digital_design_lab_2023/Sumador/fourBitAdder.vhd Line: 14
    Info (12023): Found entity 1: fourBitAdder File: E:/Utilities/Documents/Github/jgonzalez_digital_design_lab_2023/Sumador/fourBitAdder.vhd Line: 5
Info (12021): Found 2 design units, including 1 entities, in source file fourbitadder_tb.vhd
    Info (12022): Found design unit 1: fourBitAdder_tb-sim File: E:/Utilities/Documents/Github/jgonzalez_digital_design_lab_2023/Sumador/fourBitAdder_tb.vhd Line: 8
    Info (12023): Found entity 1: fourBitAdder_tb File: E:/Utilities/Documents/Github/jgonzalez_digital_design_lab_2023/Sumador/fourBitAdder_tb.vhd Line: 5
Info (12021): Found 2 design units, including 1 entities, in source file sumtodisplaymodule.vhd
    Info (12022): Found design unit 1: sumToDisplayModule-structural File: E:/Utilities/Documents/Github/jgonzalez_digital_design_lab_2023/Sumador/sumToDisplayModule.vhd Line: 12
    Info (12023): Found entity 1: sumToDisplayModule File: E:/Utilities/Documents/Github/jgonzalez_digital_design_lab_2023/Sumador/sumToDisplayModule.vhd Line: 5
Info (12021): Found 2 design units, including 1 entities, in source file ndcmodule.vhd
    Info (12022): Found design unit 1: nDCModule-bhv File: E:/Utilities/Documents/Github/jgonzalez_digital_design_lab_2023/Sumador/nDCModule.vhd Line: 11
    Info (12023): Found entity 1: nDCModule File: E:/Utilities/Documents/Github/jgonzalez_digital_design_lab_2023/Sumador/nDCModule.vhd Line: 5
Info (12021): Found 2 design units, including 1 entities, in source file mainaddermodule.vhd
    Info (12022): Found design unit 1: mainAdderModule-behaivour File: E:/Utilities/Documents/Github/jgonzalez_digital_design_lab_2023/Sumador/mainAdderModule.vhd Line: 13
    Info (12023): Found entity 1: mainAdderModule File: E:/Utilities/Documents/Github/jgonzalez_digital_design_lab_2023/Sumador/mainAdderModule.vhd Line: 5
Info (12021): Found 2 design units, including 1 entities, in source file mainaddermodule_tb.vhd
    Info (12022): Found design unit 1: mainAdderModule_tb-sim File: E:/Utilities/Documents/Github/jgonzalez_digital_design_lab_2023/Sumador/mainAdderModule_tb.vhd Line: 8
    Info (12023): Found entity 1: mainAdderModule_tb File: E:/Utilities/Documents/Github/jgonzalez_digital_design_lab_2023/Sumador/mainAdderModule_tb.vhd Line: 5
Info (12127): Elaborating entity "mainAdderModule" for the top level hierarchy
Info (12128): Elaborating entity "fourBitAdder" for hierarchy "fourBitAdder:fBA" File: E:/Utilities/Documents/Github/jgonzalez_digital_design_lab_2023/Sumador/mainAdderModule.vhd Line: 37
Info (12128): Elaborating entity "fullAdderModule" for hierarchy "fourBitAdder:fBA|fullAdderModule:fA0" File: E:/Utilities/Documents/Github/jgonzalez_digital_design_lab_2023/Sumador/fourBitAdder.vhd Line: 32
Info (12128): Elaborating entity "sumToDisplayModule" for hierarchy "sumToDisplayModule:sDM" File: E:/Utilities/Documents/Github/jgonzalez_digital_design_lab_2023/Sumador/mainAdderModule.vhd Line: 39
Info (12128): Elaborating entity "nDCModule" for hierarchy "sumToDisplayModule:sDM|nDCModule:nDCMTens" File: E:/Utilities/Documents/Github/jgonzalez_digital_design_lab_2023/Sumador/sumToDisplayModule.vhd Line: 31
Info (278001): Inferred 2 megafunctions from design logic
    Info (278004): Inferred divider/modulo megafunction ("lpm_divide") from the following logic: "sumToDisplayModule:sDM|Div0" File: E:/Utilities/Documents/Github/jgonzalez_digital_design_lab_2023/Sumador/sumToDisplayModule.vhd Line: 28
    Info (278004): Inferred divider/modulo megafunction ("lpm_divide") from the following logic: "sumToDisplayModule:sDM|Mod0" File: E:/Utilities/Documents/Github/jgonzalez_digital_design_lab_2023/Sumador/sumToDisplayModule.vhd Line: 29
Info (12130): Elaborated megafunction instantiation "sumToDisplayModule:sDM|lpm_divide:Div0" File: E:/Utilities/Documents/Github/jgonzalez_digital_design_lab_2023/Sumador/sumToDisplayModule.vhd Line: 28
Info (12133): Instantiated megafunction "sumToDisplayModule:sDM|lpm_divide:Div0" with the following parameter: File: E:/Utilities/Documents/Github/jgonzalez_digital_design_lab_2023/Sumador/sumToDisplayModule.vhd Line: 28
    Info (12134): Parameter "LPM_WIDTHN" = "32"
    Info (12134): Parameter "LPM_WIDTHD" = "5"
    Info (12134): Parameter "LPM_NREPRESENTATION" = "SIGNED"
    Info (12134): Parameter "LPM_DREPRESENTATION" = "SIGNED"
    Info (12134): Parameter "LPM_HINT" = "LPM_REMAINDERPOSITIVE=FALSE"
Info (12021): Found 1 design units, including 1 entities, in source file db/lpm_divide_bpo.tdf
    Info (12023): Found entity 1: lpm_divide_bpo File: E:/Utilities/Documents/Github/jgonzalez_digital_design_lab_2023/Sumador/db/lpm_divide_bpo.tdf Line: 25
Info (12021): Found 1 design units, including 1 entities, in source file db/abs_divider_kbg.tdf
    Info (12023): Found entity 1: abs_divider_kbg File: E:/Utilities/Documents/Github/jgonzalez_digital_design_lab_2023/Sumador/db/abs_divider_kbg.tdf Line: 29
Info (12021): Found 1 design units, including 1 entities, in source file db/alt_u_div_ove.tdf
    Info (12023): Found entity 1: alt_u_div_ove File: E:/Utilities/Documents/Github/jgonzalez_digital_design_lab_2023/Sumador/db/alt_u_div_ove.tdf Line: 23
Info (12021): Found 1 design units, including 1 entities, in source file db/lpm_abs_kn9.tdf
    Info (12023): Found entity 1: lpm_abs_kn9 File: E:/Utilities/Documents/Github/jgonzalez_digital_design_lab_2023/Sumador/db/lpm_abs_kn9.tdf Line: 23
Info (12021): Found 1 design units, including 1 entities, in source file db/lpm_abs_4p9.tdf
    Info (12023): Found entity 1: lpm_abs_4p9 File: E:/Utilities/Documents/Github/jgonzalez_digital_design_lab_2023/Sumador/db/lpm_abs_4p9.tdf Line: 23
Info (12130): Elaborated megafunction instantiation "sumToDisplayModule:sDM|lpm_divide:Mod0" File: E:/Utilities/Documents/Github/jgonzalez_digital_design_lab_2023/Sumador/sumToDisplayModule.vhd Line: 29
Info (12133): Instantiated megafunction "sumToDisplayModule:sDM|lpm_divide:Mod0" with the following parameter: File: E:/Utilities/Documents/Github/jgonzalez_digital_design_lab_2023/Sumador/sumToDisplayModule.vhd Line: 29
    Info (12134): Parameter "LPM_WIDTHN" = "32"
    Info (12134): Parameter "LPM_WIDTHD" = "32"
    Info (12134): Parameter "LPM_NREPRESENTATION" = "SIGNED"
    Info (12134): Parameter "LPM_DREPRESENTATION" = "SIGNED"
    Info (12134): Parameter "LPM_HINT" = "LPM_REMAINDERPOSITIVE=FALSE"
Info (12021): Found 1 design units, including 1 entities, in source file db/lpm_divide_uio.tdf
    Info (12023): Found entity 1: lpm_divide_uio File: E:/Utilities/Documents/Github/jgonzalez_digital_design_lab_2023/Sumador/db/lpm_divide_uio.tdf Line: 25
Info (12021): Found 1 design units, including 1 entities, in source file db/abs_divider_4dg.tdf
    Info (12023): Found entity 1: abs_divider_4dg File: E:/Utilities/Documents/Github/jgonzalez_digital_design_lab_2023/Sumador/db/abs_divider_4dg.tdf Line: 27
Info (12021): Found 1 design units, including 1 entities, in source file db/alt_u_div_o2f.tdf
    Info (12023): Found entity 1: alt_u_div_o2f File: E:/Utilities/Documents/Github/jgonzalez_digital_design_lab_2023/Sumador/db/alt_u_div_o2f.tdf Line: 23
Info (286030): Timing-Driven Synthesis is running
Info (16010): Generating hard_block partition "hard_block:auto_generated_inst"
    Info (16011): Adding 0 node(s), including 0 DDIO, 0 PLL, 0 transceiver and 0 LCELL
Info (21057): Implemented 201 device resources after synthesis - the final resource count might be different
    Info (21058): Implemented 9 input pins
    Info (21059): Implemented 14 output pins
    Info (21061): Implemented 178 logic cells
Info: Quartus Prime Analysis & Synthesis was successful. 0 errors, 1 warning
    Info: Peak virtual memory: 4892 megabytes
    Info: Processing ended: Thu Aug 24 22:21:07 2023
    Info: Elapsed time: 00:00:16
    Info: Total CPU time (on all processors): 00:00:09


